    1  wget www.github.com
    2  passwd
    3  ping
    4  pwd
    5  ls
    6  cd index.html
    7  pwd
    8  ls
    9  vi
   10  vi test.txt
   11  ls
   12  vi test.txt
   13  ls
   14  cat test.txt
   15  vi test.txt
   16  cat test.txt
   17  ls -l
   18  vi test.txt
   19  cat test.txt
   20  vi test.txt
   21  cat test.txt
   22  mkdir testDirectory
   23  ls
   24  man tar
   25  tar -h
   26  tar --help
   27  ls
   28  man del
   29  del =-help
   30  d -help
   31  ls -a
   32  ls
   33  man ls
   34  ls -latr
   35  ls -lahtr
   36  ls
   37  ls -l
   38  ks
   39  ls
   40  rm index.html
   41  ls
   42  git clone git@github.com:https://github.com/CS131-BigDataProcessing/a1-collab-devintaing
   43  git clone git@github.com:CS131-BigDataProcessing/a1-collab-devintaing
   44  gh repo clone https://github.com/CS131-BigDataProcessing/a1-collab-devintaing
   45  git clone git@github.com:your/github/repository
   46  git clone https://github.com/CS131-BigDataProcessing/a1-collab-devintaing
   47  git branch devintaing-colab
   48  ls
   49  cd a1-collab-devintaing
   50  git branch devintaing-collab
   51  git branch
   52  git checkout devintaing-collab
   53  ls
   54  vi Collaborators.md
   55  cat Collaborators.md
   56  git status
   57  git pull origin main
   58  git checkout main
   59  git push --set-upstream origin devintaing-collab
   60  git push --set-upstream origin devintiang-collab
   61  git push --set-upstream origin devintaing-collab
   62  ls
   63  cd a1-collab-devintaing
   64  ls
   65  git branch
   66  git checkout devintaing-collab
   67  git status
   68  cat Collaborators.md
   69  git push --set-upstream origin devintaing-collab
   70  git pull origin main
   71  git checkout main
   72  git merge devintaing-collab
   73  git add Collaborators.md
   74  git commit -m "devintaing added to collaborators"
   75  got config --global user.email "devint1013@gmail.com"
   76  git config --global user.email "devint1013@gmail.com"
   77  git config --global user.name "devintaing"
   78  git commit -m "devintaing added to collaborators"
   79  git push
   80  ls
   81  vi test.txt
   82  wc test.txt
   83  echo "me"
   84  pwd
   85  echo "pwd"
   86  echo 'pwd'
   87  echo `pwd`
   88  `pwd`
   89  git clone https://github.com/CS131-BigDataProcessing/CS131_fa24_datafiles
   90  ls
   91  cd CS131_fa24_datafiles
   92  ls
   93  cd Lec02
   94  ls
   95  cat goodluck.txt
   96  vi goodluck.txt
   97  ls
   98  cd CS131_fa24_datafiles/
   99  ls
  100  cd Lec02/
  101  vi goodluck.txt
  102  cat goodluck.txt
  103  vi goodluck.txt
  104  ls
  105  vi goodluck.txt
  106  cat goodluck.txt
  107  vi goodluck.txt
  108  wc goodluck.txt
  109  grep "Good luck, babe" goodluck.txt
  110  wc goodluck.txt > taing-d_a2_counts.txt
  111  ls
  112  cat taing-d_a2_counts.txt
  113  vi taing-d_a2_counts.txt 
  114  cat taing-d_a2_counts.txt 
  115  history > taing-d_a2_cmds.log
  116  ls
  117  cat taing-d_a2_cmds.log
  118  cd
  119  ls
  120  git clone https://github.com/CS131-BigDataProcessing/mini-assignments-devintaing
  121  ls
  122  cd mini-assignments-devintaing/
  123  ls
  124  mkdir taing-d_A2
  125  ls
  126  cd
  127  ls
  128  cd CS131_fa24_datafiles/
  129  ls
  130  cd Lec02/
  131  ls
  132  mv taing-d_a2_cmds.log ~/mini-assignments-devintaing/taing-d_A2
  133  ls
  134  mv taing-d_a2_counts.txt ~/mini-assignments-devintaing/taing-d_A2
  135  ls
  136  cd
  137  ls
  138  cd mini-assignments-devintaing/
  139  ls
  140  cd taing-d_A2/
  141  ls
  142  git status
  143  cd mini-assignments-devintaing/
  144  git status
  145  ls
  146  git add taing-d_A2/
  147  git status
  148  cd
  149  mkdir taingd_A4_shell
  150  ls
  151  cd taingd_A4_shell/
  152  touch class_practice.sh
  153  ls
  154  vim class_practice.sh 
  155  sh class_practice.sh Devin
  156  cd
  157  ls
  158  cd mini-assignments-devintaing/
  159  ls
  160  mv taing-d_A2/ taingd_A2
  161  ls
  162  cd taingd_A2/
  163  ls
  164  mv taing-d_a2_cmds.log taingd_a2_cmds.log
  165  ls
  166  mv taing-d_a2_counts.txt taingd_a2_counts.txt
  167  ls
  168  cd
  169  cd mini-assignments-devintaing/
  170  ls
  171  git status
  172  git add taingd_A2/
  173  git status
  174  cd taingd_A2/
  175  cd
  176  cd mini-assignments-devintaing/
  177  git status
  178  git commit
  179  git pull
  180  git push
  181  cd
  182  cd mini-assignments-devintaing/
  183  git status
  184  git add taing-d_A2
  185  git status
  186  git commit -m "devintaing removed old directory"
  187  git push
  188  cd
  189  ls
  190  cd taingd_A4_shell/
  191  ls
  192  vim class_practice.sh 
  193  cat class_practice.sh 
  194  sh class_practice.sh Devin
  195  cd
  196  ls
  197  mkdir -p ~/.vim ~/.vim/autoload ~/.vim/backup ~/.vim/colors ~/.vim/plugged
  198  ls
  199  vi ~/.vimrc
  200  cd taingd_A4_shell/
  201  ls
  202  vi class_practice.sh 
  203  cd
  204  vi ~/.vimrc
  205  ls
  206  cd taingd_A4_shell/
  207  ls
  208  mkdir taingd_A4
  209  ls
  210  who
  211  date
  212  $HOME
  213  $USER
  214  USER
  215  cd taingd_A4
  216  touch echoing.sh
  217  ls
  218  vim echoing.sh 
  219  clear
  220  sh echoing.sh 
  221  vim echoing.sh 
  222  sh echoing.sh 
  223  echo $HOME
  224  echo $USER
  225  printenv
  226  clear
  227  vim echoing.sh 
  228  sh echoing.sh 
  229  vim echoing.sh 
  230  sh echoing.sh 
  231  cd
  232  ls -a
  233  cat /etc/profile
  234  cd
  235  ls
  236  rm taingd_A4_shell
  237  clear
  238  cd taingd_A4
  239  ls
  240  vim echoing.sh 
  241  sh echoing.sh 
  242  cd
  243  ls
  244  cd CS131_fa24_datafiles/
  245  git pull
  246  cd
  247  ls -a
  248  rm -r taingd_A4_shell
  249  ls
  250  cd testDirectory/
  251  ls
  252  cd
  253  rm testDirectory
  254  rm -r testDirectory
  255  ls
  256  cat test.txt
  257  cat ~/.bash_profile
  258  clear
  259  cat ~/.bash_profile
  260  cat ~/.bashrc
  261  ls
  262  cd taingd_A4/
  263  ls
  264  touch activity2.sh
  265  ls
  266  cd
  267  vim ~/.bashrc
  268  source ~/.bashrc
  269  ll
  270  cd taingd_A4/
  271  ls
  272  vim activity2.sh 
  273  sh activity2.sh Devin 100
  274  clear
  275  touch activity3.sh
  276  ls
  277  vim activity3.sh 
  278  ls
  279  rm activity3.sh
  280  vi activity2.sh 
  281  rm activity2.sh 
  282  vi echoing.sh 
  283  sh echoing.sh 
  284  vi echoing.sh 
  285  sh echoing.sh 
  286  vi echoing.sh 
  287  sh echoing.sh 
  288  vim echoing.sh 
  289  sh echoing.sh 
  290  vim echoing.sh 
  291  sh echoing.sh 
  292  vim echoing.sh 
  293  sh echoing.sh 
  294  vim echoing.sh 
  295  sh echoing.sh 
  296  vim echoing.sh 
  297  sh echoing.sh 
  298  sh echoing.sh devin 100
  299  cd
  300  ls
  301  cd mini-assignments-devintaing/
  302  ls
  303  git add taingd_A4
  304  git add ~/.taingd_A4
  305  cd
  306  ls
  307  cd taingd_A4/
  308  ls
  309  vi echoing.sh 
  310  sh echoing.sh devin 100
  311  cd
  312  ls
  313  pwd
  314  cd mini-assignments-devintaing/
  315  pwd
  316  cd
  317  mv taingd_A4 /mnt/scratch/FA24_CS131_Jessica/dtaingfa24/mini-assignments-devintaing
  318  ls
  319  cd mini-assignments-devintaing/
  320  ls
  321  git add taingd_A4/
  322  git commit -m "devintaing added A4"
  323  git push
  324  cd
  325  exit
  326  ls
  327  cd CS131_fa24_datafiles/
  328  git pull
  329  ls
  330  cd Lec0
  331  cd Lec07
  332  ls
  333  sh lec07_class.sh 
  334  vim lec07_class.sh 
  335  cd
  336  ls
  337  mkdir testing
  338  cd testing/
  339  touch if.sh
  340  vim if.sh 
  341  cd
  342  ls
  343  cd CS131_fa24_datafiles/
  344  cd Lec0
  345  cd Lec07
  346  clear
  347  vim lec07_class.sh 
  348  cd
  349  cd testing/
  350  vim if.sh 
  351  cd testing/
  352  vim 
  353  ls
  354  vim if.sh 
  355  sh if.sh dtaingfa24
  356  vim if.sh 
  357  sh if.sh 
  358  cd testing/
  359  vim if.sh 
  360  sh if.sh dtaingfa24
  361  vim if.sh 
  362  sh if.sh dtaingfa24
  363  cd
  364  ls
  365  cd mini-assignments-devintaing/
  366  ls
  367  mkdir taingd_A5
  368  cd taingd_A5
  369  ls
  370  touch age.sh
  371  vim age.sh 
  372  sh age.sh 15
  373  cat age.sh 
  374  vim age.sh 
  375  sh age.sh 13
  376  vim age.sh 
  377  sh age.sh 13
  378  vim age.sh 
  379  sh age.sh 13
  380  vim age.sh 
  381  sh age.sh 13
  382  vim age.sh 
  383  sh age.sh 13
  384  vim age.sh 
  385  sh age.sh 13
  386  clear
  387  sh age.sh 13
  388  vim age.sh 
  389  sh age.sh 13
  390  vim age.sh 
  391  clear
  392  sh age.sh 13
  393  vim age.sh 
  394  sh age.sh 13
  395  vim age.sh 
  396  sh age.sh 13
  397  vim age.sh 
  398  sh age.sh 13
  399  vim age.sh 
  400  sh age.sh 13
  401  sh age.sh 19
  402  sh age.sh 12
  403  sh age.sh 48
  404  sh age.sh 72
  405  touch temperature.sh
  406  vim temperature.sh 
  407  sh temperature.sh 62
  408  vim temperature.sh 
  409  vim age.sh 
  410  vim temperature.sh 
  411  sh temperature.sh 62
  412  vim temperature.sh 
  413  sh temperature.sh 62
  414  sh temperature.sh 5
  415  sh temperature.sh 97
  416  vim temperature.sh 
  417  sh temperature.sh 62
  418  sh temperature.sh 5
  419  sh temperature.sh 97
  420  sh temperature.sh 73
  421  cd
  422  cd mini-assignments-devintaing/
  423  git add taingd_A5
  424  ls
  425  git push
  426  git commit
  427  git commit -m "devintaing added A5"
  428  git push
  429  ls
  430  cd CS131_fa24_datafiles/
  431  git pull
  432  clear
  433  ls
  434  cd Lec8
  435  cd Lec08
  436  cat airline_stats.csv 
  437  clear
  438  head airline_stats.csv 
  439  clear
  440  awk '/ya/' /etc/passwd
  441  awk '/ya/ { print $5 }' /etc/passwd
  442  awk -F '/ya/ { print $5 }' /etc/passwd
  443  ls
  444  cd CS131_fa24_datafiles/
  445  cd Lec08
  446  awk -F, '{print $4}' airline_stats.csv 
  447  clear
  448  cp -help
  449  cp --help
  450  cp airline_stats.csv
  451  cd
  452  ls
  453  cd CS131_fa24_datafiles/
  454  cd Lec08
  455  ls
  456  cd
  457  mkdir tempWork
  458  cd tempWork/
  459  cp ~/CS131_fa24_datafiles/Lec08/airline_stats.csv ~/tempWork/
  460  ls
  461  touch airline_inquiry.txt
  462  awk -F, '{print $4}' airline_stats.csv 
  463  awk -F, '$1 > 10 {print $4}' airline_stats.csv | sort
  464  Threshold=15
  465  awk -v thresh="$Threshold" '{ if ($1 > thresh) print $4 }' airline_stats.csv
  466  clear
  467  threshold_value=15
  468  echo $threshold_value 
  469  awk -v Threshold="$threshold_value" '{ if ($1 > Threshold) print $4 }' airline_stats.csv
  470  clear
  471  ls
  472  vim airline_inquiry.txt
  473  cat airline_inquiry.txt
  474  awk -F, '{print $4}' airline_stats.csv
  475  vim airline_inquiry.txt 
  476  vim airline_inquiry.txt 
  477  echo $threshold_value 
  478  clear
  479  p_value=0.5
  480  awk -v pv="$p_value" '{ if ($1 > pv) print $4 }' airline_stats.csv
  481  clear
  482  awk -v threshold="$threshold_value" '{ if ($1 > threshold) print $4 }' airline_stats.csv
  483  clear
  484  echo $threshold_value 
  485  awk -v -F, threshold="$threshold_value" '{ if ($1 > threshold) print $4 }' airline_stats.csv
  486  awk -v threshold="$threshold_value" '{ if ($1 > threshold) print $4 }' airline_stats.csv
  487  awk -v threshold="$threshold_value" '{ if ($1>threshold) print $4 }' airline_stats.csv
  488  cat airline_inquiry.txt 
  489  awk -F, '$1 > 10 {print $4}' airline_stats.cs
  490  awk -v threshold="$threshold_value" '{if ($1>threshold) print $4}' airline_stats.csv
  491  awk -v threshold="$threshold_value" '$1>threshold {print $4}' airline_stats.csv
  492  awk -v threshold="$threshold_value" '{ if ($1>threshold) print $4 }' airline_stats.csv
  493  awk -v threshold="$threshold_value" '{ if ($1 > threshold) print $4 }' airline_stats.csv
  494  awk -v threshold="$threshold_value" '{ if ($1 > threshold) print $1 }' airline_stats.csv
  495  echo $p_value
  496  awk -v pv="$p_value" '{ if ($1 > pv) print $0 }'
  497  awk -v pv="$p_value" '{ if ($1 > pv) print $0 }' airline_stats.csv
  498  awk -v pv="$p_value" '{ if ($1 > pv) print $4 }' airline_stats.csv
  499  awk -v pv="$p_value" '{ if ($1 > pv) print $0 }' airline_stats.csv
  500  awk -F, -v threshold="$threshold_value" '{ if ($1 > threshold) print $4 }' airline_stats.csv
  501  vim airline_inquiry.txt 
  502  quit
  503  q
  504  ls
  505  cd tempWork/
  506  ls
  507  cat airline_inquiry.txt 
  508  awk -F, '$1 > 10 {print $4}' airline_stats.csv | sort
  509  cat airline_inquiry.txt 
  510  threshold_value=15" & "awk -F, -v threshold="$threshold_value" '{ if ($1 > threshold) print $4 }' airline_stats.csv
  511  threshold_value=15
  512  awk -F, -v threshold="$threshold_value" '{ if ($1 > threshold) print $4 }' airline_stats.csv
  513  vim
  514  vim airline_inquiry.txt 
  515  clear
  516  cat airline_inquiry.txt 
  517  history > a6_cmds.log
  518  ls
  519  cat a6_cmds.log 
  520  ls
  521  clear
  522  cd
  523  ls
  524  cd mini-assignments-devintaing/
  525  ls
  526  mkdir taingd_A6
  527  cd
  528  cd tempWork/
  529  ls
  530  mv a6_cmds.log ~/mini-assignments-devintaing/taingd_A6
  531  mv airline_inquiry.txt ~/mini-assignments-devintaing/taingd_A6
  532  ls
  533  cd
  534  ls
  535  cd mini-assignments-devintaing/
  536  ls
  537  cd taingd_A6
  538  ls
  539  cat a6_cmds.log 
  540  cat airline_inquiry.txt 
  541  ls
  542  cd
  543  cd mini-assignments-devintaing/
  544  git add taingd_A6
  545  git commit -m "devintaing added A6"
  546  git push
  547  quit
  548  ls
  549  cd tempWork/
  550  ls
  551  touch subs_file
  552  ls
  553  vim subs_file
  554  clear
  555  cat subs_file 
  556  sed -f subs_file airline_stats.csv > transformed_airline_stats.csv
  557  vim subs_file 
  558  sed -f subs_file airline_stats.csv > transformed_airline_stats.csv
  559  ls
  560  cat transformed_airline_stats.csv 
  561  clear
  562  ls
  563  cd CS131_fa24_datafiles/
  564  git pull
  565  ls
  566  cd Lec08
  567  ls
  568  cd .
  569  cd
  570  ls
  571  cd CS131_fa24_datafiles/
  572  git pull
  573  clear
  574  git pull
  575  cd Lec-0
  576  cd Lec09
  577  ls
  578  cp AB_NYC_2019.csv.zip ~/TempWork
  579  cd
  580  ls
  581  cd TempWork
  582  rm TempWork
  583  cd
  584  ls
  585  cd CS131_fa24_datafiles/
  586  ls
  587  cd Lec09
  588  ls
  589  cp AB_NYC_2019.csv.zip ~/tempWork/
  590  cd
  591  ls
  592  cd tempWork/
  593  ls
  594  cat AB_NYC_2019.csv.zip 
  595  1;2c1;2c1;2c1;2c1;2c1;2c1;2c1;2c1;2c1;2c1;2c1;2c1;2c1;2c1;2c1;2c1;2c1;2c1;2c1;2c1;2c1;2c1;2c1;2c1;2c1;2c1;2c1;2cd
  596  ls
  597  clear
  598  cd
  599  ls
  600  cd tempWork
  601  ls
  602  unzip AB_NYC_2019.csv.zip 
  603  ls
  604  cat AB_NYC_2019.csv
  605  ls
  606  rm AB_NYC_2019.csv.zip
  607  ls
  608  sort -t'/t' -k1 AB_NYC_2019.csv | uniq > unique_AB.csv
  609  ls
  610  cat unique_AB.csv 
  611  rm unique_AB.csv 
  612  cat AB_NYC_2019.csv 
  613  sort -t’\t’ -k1 AB_NYC_2019.csv | uniq > unique_house.csv
  614  ls
  615  cat unique_house.csv 
  616  ls
  617  rm unique_house.csv 
  618  sort -t’\t’ -k1 AB_NYC_2019.csv | uniq > unique_AB.csv
  619  ls
  620  awk -F'\t' 'NF < 21 { print "Line", NR ":", $0 }'
  621  cd tempWork/
  622  ls
  623  cd
  624  ls
  625  cd CS131_fa24_datafiles/
  626  git pull
  627  ls
  628  cd Lec09
  629  ls
  630  cp house_sales.csv ~/tempWork/
  631  cd
  632  ls
  633  cd tempWork/
  634  ls
  635  awk -F'\t
  636  cd tempWork/
  637  awk -F'\t' 'NF < 23 { print "Line", NR ":", $0 }' house_sales.csv 
  638  awk -F'\t' 'NF < 21 { print "Line", NR ":", $0 }' house_sales.csv 
  639  awk -F'\t' 'NF < 24 { print "Line", NR ":", $0 }' house_sales.csv 
  640  awk -F'\t' 'NF < 16 { print "Line", NR ":", $0 }' AB_NYC_2019.csv 
  641  vi testAB.sh
  642  ls
  643  mkdir A9_cron
  644  cat testing
  645  cd testing/
  646  ls
  647  cd
  648  rm -r testing
  649  ls
  650  cat test.txt
  651  rm test.txt
  652  ls
  653  clear
  654  ls
  655  cd a1-collab-devintaing/
  656  ls
  657  crontab -e
  658  ls
  659  cd
  660  ls
  661  clear
  662  crontab -e
  663  crontab -l
  664  ls
  665  ls -a
  666  clear
  667  ls
  668  cat crontest.log 
  669  crontest.log -l
  670  vim crontest.log 
  671  crontab -l
  672  ls
  673  cat crontest.log 
  674  crontab -e
  675  clear
  676  ls
  677  cat crontest.log 
  678  crontab -r
  679  rm crontest.log 
  680  crontab- e
  681  crontab -e
  682  crontab -l
  683  mkdir cronRemovalTest
  684  ls
  685  cd cronRemovalTest/
  686  touch thisShouldBeRemoved.txt
  687  ls
  688  touch thisShouldBeRemoved2.txt
  689  touch thisShouldBeRemoved3.txt
  690  ls
  691  clear
  692  crontab -e
  693  crontab -l
  694  crontab -e
  695  crontab -l
  696  cd ~
  697  ls
  698  cd cronRemovalTest/
  699  ls
  700  cd
  701  crontab -e
  702  ls
  703  clear
  704  ls
  705  rm -r cronRemovalTest/
  706  ls
  707  mkdir minuteBackups
  708  ls
  709  crontab -l
  710  touch backThisUp.txt
  711  ls
  712  cd min
  713  cd minuteBackups/
  714  ls
  715  cd
  716  crontab -e
  717  ls
  718  cat diskUsageReportTest.txt 
  719  crontab -e
  720  clear
  721  df -h
  722  crontab -e
  723  rm diskUsageReportTest.txt 
  724  ls
  725  clear
  726  ls
  727  cat diskUsageReportTest.txt 
  728  crontab -e
  729  ls
  730  rm diskUsageReportTest.txt 
  731  ls
  732  clear
  733  crontab -e
  734  ls
  735  tar ~/*
  736  tar --usage
  737  ls
  738  cat backup
  739  ls
  740  crontab -e
  741  ls
  742  rm backup
  743  ls
  744  clear
  745  ls
  746  mkdir backups
  747  ls
  748  rm -r minuteBackups/
  749  ls
  750  crontab -e
  751  crontab -l
  752  cd backups
  753  ls
  754  crontab -e
  755  ls
  756  clear
  757  crontab -l
  758  tar -cz ~/* > ~/backups/
  759  crontab -e
  760  tar `-cz ~/*`
  761  tar -cz ~/* > ~/backups/
  762  crontab -e
  763  ls
  764  crontab -l
  765  ls
  766  cd backups
  767  ls
  768  cd
  769  rm backThisUp.txt 
  770  rm diskUsageReport.txt 
  771  ls
  772  python --version
  773  python3 --version
  774  python3 -m venv testenv
  775  source testenv/bin/activate
  776  ls
  777  deactivate
  778  source testenv/bin/activate
  779  pip install requests
  780  cd CS131_fa24_datafiles/
  781  git pull
  782  cd
  783  python --version
  784  cd CS131_fa24_datafiles/
  785  ls
  786  cd Lec14
  787  ls
  788  cp Crime_Data_from_2020_to_Present.zip ~/tempWork
  789  ls
  790  cd
  791  ls
  792  cd tempWork/
  793  ls
  794  gzip Crime_Data_from_2020_to_Present.zip 
  795  ls
  796  rm Crime_Data_from_2020_to_Present.zip.gz 
  797  ls
  798  cd
  799  cd CS131_fa24_datafiles/
  800  cd Lec14
  801  ls
  802  cp Crime_Data_from_2020_to_Present.zip ~/tempWork
  803  cd
  804  ls
  805  cd tempWork/
  806  ls
  807  unzip Crime_Data_from_2020_to_Present.zip 
  808  ls
  809  rm Crime_Data_from_2020_to_Present.
  810  rm Crime_Data_from_2020_to_Present.zip 
  811  ls
  812  mkdir pythonAssignment
  813  ls
  814  cd __MACOSX/
  815  ls
  816  cd
  817  cd tempWork/
  818  ls
  819  rm -r __MACOSX/
  820  ls
  821  mv Crime_Data_from_2020_to_Present.csv ~/tempWork/pythonAssignment/
  822  ls
  823  cd pythonAssignment/
  824  ls
  825  >>> 2 + 2
  826  python3 2 + 2
  827  cd
  828  cd midterm2/
  829  awk -F" '{sum += $2; n++} END {print sum / n}' house_sales.csv
  830  cd midterm2/
  831  ls
  832  awk -F, '{sum += $2; n++} END {print sum / n}' house_sales.csv
  833  awk -F'\"' '{sum += $2; n++} END {print sum / n}' house_sales.csv
  834  sed 's/NULL/N\/A/g' server_log.csv > cleaned_server_log.csv
  835  ls
  836  cat cleaned_server_log.csv 
  837  sed 's/NULL//g' server_log.csv > server_log_remove_null.csv
  838  cat server_log_remove_null.csv 
  839  wc -l server_log_remove_null.csv 
  840* sed 's/\t/,/g' house_sales.csv > house_comma_separated.csv
  841  cat house_comma_separated.csv 
  842  rm house_comma_separated.csv 
  843  sed 's/\t/,/g' house_sales.csv > house_comma_separated.csv
  844  ls
  845  cat house_comma_separated.csv 
  846  awk -F'\t' '{sum += $2; n++} END {print sum / n}' house_sales.csv
  847  awk -F'\"' '{sum += $2; n++} END {print sum / n}' house_sales.csv
  848  awk -F'\"' '{sum += $SalePrice; n++} END {print sum / n}' house_sales.csv
  849  awk -F'\"' '{sum += $#SalePrice; n++} END {print sum / n}' house_sales.csv
  850  awk -F'\"' '{sum += "SalePrice"; n++} END {print sum / n}' house_sales.csv
  851  awk -F'\"' '{sum += $"SalePrice"; n++} END {print sum / n}' house_sales.csv
  852  awk -F'\"' '{sum += $3; n++} END {print sum / n}' house_sales.csv
  853  awk -F'\"' '{sum += $2; n++} END {print sum / n}' house_sales.csv
  854  awk -F'\t' '{sum += $2; n++} END {print sum / n}' house_sales.csv
  855  awk -F '\t' '{sum += $2; count++} END {print sum / count}' house_sales.csv
  856  rm server_log_remove_null.csv 
  857  sed '/NULL/d' server_log.csv > server_log_remove_null.csv
  858  wc -l server_log_remove_null.csv 
  859  wc -l server_log.csv
  860  awk -F'\"' '{sum += $2; n++} END {print sum / n}' house_sales.csv
  861  awk -F'\"' '{sum += $4; n++} END {print sum / n}' house_sales.csv
  862  awk -F'\"' '{sum += $5; n++} END {print sum / n}' house_sales.csv
  863  awk -F'\"' '{sum += $6; n++} END {print sum / n}' house_sales.csv
  864  awk -F'\"' '{sum += $#; n++} END {print sum / n}' house_sales.csv
  865  awk -F'\"' '{sum += $"SalePrice"; n++} END {print sum / n}' house_sales.csv
  866  awk -F'\"' '{sum += $"PropertyID"; n++} END {print sum / n}' house_sales.csv
  867  awk -F'\t' '{sum += $"PropertyID"; n++} END {print sum / n}' house_sales.csv
  868  awk -F'\t' '{sum += $"SalePrice"; n++} END {print sum / n}' house_sales.csv
  869  history > cmd.log
  870  ls
  871  cp cmd.log ~/mini-assignments-devintaing/
  872  cd
  873  cd mini-assignments-devintaing/
  874  ls
  875  git push
  876  git add cmd.log
  877  git commit
  878  git push
  879  cd
  880  cd midterm2/
  881  ls
  882  awk -F'\"' '{sum += $2; n++} END {print sum / n}' house_sales.csv
  883  awk -F'\"' '{sum += $3; n++} END {print sum / n}' house_sales.csv
  884  awk -F'\t' '{sum += $2; n++} END {print sum / n}' house_sales.csv
  885  awk -F'\t' '{sum += $3; n++} END {print sum / n}' house_sales.csv
  886  rm cmd.log
  887  history > cmd.log
